     1 00000000                                 ; hello-os
     2 00000000                                 ; TAB=4
     3 00000000                                 
     4  = 0000000A                              	CYLS	EQU	10
     5 00000000                                 
     6                                          	ORG	0x7c00			; location which this program located in memory
     7 00007C00                                 
     8 00007C00                                 ; FAT12 Format
     9 00007C00 EB 4E                           	JMP	entry
    10 00007C02 90                              	DB	0x90
    11 00007C03 48 41 52 49 42 4F 54 45         	DB	"HARIBOTE"		; Bootsector name
    12 00007C0B 0200                            	DW	512				; size of 1 sector
    13 00007C0D 01                              	DB	1				; size of cluster (1 sector/cluster)
    14 00007C0E 0001                            	DW	1				; numbers of reserved sectors
    15 00007C10 02                              	DB	2				; numbers of FAT tables
    16 00007C11 00E0                            	DW	224				; numbers of Entry for root directory
    17 00007C13 0B40                            	DW	2880				; total numbers of sector in disk
    18 00007C15 F0                              	DB	0xf0				; midea type
    19 00007C16 0009                            	DW	9				; numbers of sector for one FAT table
    20 00007C18 0012                            	DW	18				; numbers of sector for one track
    21 00007C1A 0002                            	DW	2				; numbers of head
    22 00007C1C 00000000                        	DD	0				; we don't use partition
    23 00007C20 00000B40                        	DD	2880				; drive size
    24 00007C24 00 00 29                        	DB	0, 0, 0x29			; what..?
    25 00007C27 FFFFFFFF                        	DD	0xffffffff			; volume serial number
    26 00007C2B 48 41 52 49 42 4F 54 45 4F 53   	DB	"HARIBOTEOS "			; name of disk
       00007C35 20 
    27 00007C36 46 41 54 31 32 20 20 20         	DB	"FAT12   "			; name of format(8bytes)
    28 00007C3E 00 00 00 00 00 00 00 00 00 00   	RESB	18				; remain 18bytes
       00007C48 00 00 00 00 00 00 00 00 
    29 00007C50                                 
    30 00007C50                                 ; Program body
    31 00007C50                                 
    32 00007C50                                 	entry:
    33 00007C50 B8 0000                         			MOV	AX, 0		; Register initialization
    34 00007C53 8E D0                           			MOV	SS, AX
    35 00007C55 BC 7C00                         			MOV	SP, 0x7c00
    36 00007C58 8E D8                           			MOV	DS, AX
    37 00007C5A                                 
    38 00007C5A B8 0820                         			MOV AX, 0x0820
    39 00007C5D 8E C0                           			MOV	ES, AX
    40 00007C5F B5 00                           			MOV	CH, 0		; cylinder 0
    41 00007C61 B6 00                           			MOV DH, 0		; head 0
    42 00007C63 B1 02                           			MOV CL, 2		; sector 2
    43 00007C65                                 
    44 00007C65                                 	readloop:
    45 00007C65 BE 0000                         			MOV SI, 0		; fail counter
    46 00007C68                                 	
    47 00007C68                                 	retry:
    48 00007C68 B4 02                           			MOV AH, 0x02	; AH = 0x02 -> read disk
    49 00007C6A B0 01                           			MOV AL, 1		; 1 sector
    50 00007C6C BB 0000                         			MOV BX, 0
    51 00007C6F B2 00                           			MOV	DL, 0x00	; A drive
    52 00007C71 CD 13                           			INT	0x13		; call DISK BIOS
    53 00007C73 73 10                           			JNC	next			; No error, jump to fin
    54 00007C75 83 C6 01                        			ADD	SI, 1
    55 00007C78 83 FE 05                        			CMP	SI, 5		; if SI >= 5, then go to error
    56 00007C7B 73 40                           			JAE error
    57 00007C7D B4 00                           			MOV	AH, 0x00
    58 00007C7F B2 00                           			MOV	DL, 0x00
    59 00007C81 CD 13                           			INT	0x13		; drive reset
    60 00007C83 EB E3                           			JMP	retry
    61 00007C85                                 	
    62 00007C85                                 	next:
    63 00007C85 8C C0                           			MOV	AX, ES
    64 00007C87 05 0020                         			ADD	AX, 0x0020
    65 00007C8A 8E C0                           			MOV	ES, AX		; ES + 0x0020
    66 00007C8C 80 C1 01                        			ADD	CL, 1
    67 00007C8F 80 F9 12                        			CMP	CL, 18
    68 00007C92 76 D1                           			JBE	readloop
    69 00007C94 B1 01                           			MOV	CL, 1
    70 00007C96 80 C6 01                        			ADD	DH, 1
    71 00007C99 80 FE 02                        			CMP	DH, 2
    72 00007C9C 72 C7                           			JB	readloop
    73 00007C9E B6 00                           			MOV	DH, 0
    74 00007CA0 80 C5 01                        			ADD	CH, 1
    75 00007CA3 80 FD 0A                        			CMP	CH, CYLS
    76 00007CA6 72 BD                           			JB	readloop
    77 00007CA8                                 
    78 00007CA8                                 	fin:
    79 00007CA8 F4                              			HLT					; halt CPU
    80 00007CA9 EB FD                           			JMP fin
    81 00007CAB                                 	
    82 00007CAB                                 	putloop:
    83 00007CAB 8A 04                           			MOV	AL, [SI]
    84 00007CAD 83 C6 01                        			ADD	SI, 1
    85 00007CB0 3C 00                           			CMP	AL, 0
    86 00007CB2 74 F4                           			JE	fin
    87 00007CB4 B4 0E                           			MOV	AH, 0x0e		; character print
    88 00007CB6 BB 000F                         			MOV	BX, 15			; collor code
    89 00007CB9 CD 10                           			INT	0x10			; video BIOS
    90 00007CBB EB EE                           			JMP putloop
    91 00007CBD                                 	
    92 00007CBD                                 	error:
    93 00007CBD BE 7CC0                         			MOV	SI, msg
    94 00007CC0                                 
    95 00007CC0                                 	msg:
    96 00007CC0 0A 0A                           			DB	0x0a, 0x0a		; two line break
    97 00007CC2 6C 6F 61 64 20 65 72 72 6F 72   			DB	"load error"
    98 00007CCC 0A                              			DB	0x0a
    99 00007CCD 00                              			DB 0
   100 00007CCE                                 
   101 00007CCE 00 00 00 00 00 00 00 00 00 00   			RESB	0x7dfe-$			; fill 0x00 to 0x7dfe
       00007CD8 00 00 00 00 00 00 00 00 00 00 
       00007CE2 00 00 00 00 00 00 00 00 00 00 
       00007CEC 00 00 00 00 00 00 00 00 00 00 
       00007CF6 00 00 00 00 00 00 00 00 00 00 
       00007D00 00 00 00 00 00 00 00 00 00 00 
       00007D0A 00 00 00 00 00 00 00 00 00 00 
       00007D14 00 00 00 00 00 00 00 00 00 00 
       00007D1E 00 00 00 00 00 00 00 00 00 00 
       00007D28 00 00 00 00 00 00 00 00 00 00 
       00007D32 00 00 00 00 00 00 00 00 00 00 
       00007D3C 00 00 00 00 00 00 00 00 00 00 
       00007D46 00 00 00 00 00 00 00 00 00 00 
       00007D50 00 00 00 00 00 00 00 00 00 00 
       00007D5A 00 00 00 00 00 00 00 00 00 00 
       00007D64 00 00 00 00 00 00 00 00 00 00 
       00007D6E 00 00 00 00 00 00 00 00 00 00 
       00007D78 00 00 00 00 00 00 00 00 00 00 
       00007D82 00 00 00 00 00 00 00 00 00 00 
       00007D8C 00 00 00 00 00 00 00 00 00 00 
       00007D96 00 00 00 00 00 00 00 00 00 00 
       00007DA0 00 00 00 00 00 00 00 00 00 00 
       00007DAA 00 00 00 00 00 00 00 00 00 00 
       00007DB4 00 00 00 00 00 00 00 00 00 00 
       00007DBE 00 00 00 00 00 00 00 00 00 00 
       00007DC8 00 00 00 00 00 00 00 00 00 00 
       00007DD2 00 00 00 00 00 00 00 00 00 00 
       00007DDC 00 00 00 00 00 00 00 00 00 00 
       00007DE6 00 00 00 00 00 00 00 00 00 00 
       00007DF0 00 00 00 00 00 00 00 00 00 00 
       00007DFA 00 00 00 00 
   102 00007DFE 55 AA                           			DB	0x55, 0xaa
